[      61ms] [INFO] %cDownload the React DevTools for a better development experience: https://react.dev/link/react-devtools font-weight:bold @ http://localhost:3000/_next/static/chunks/node_modules_next_dist_1ybzpk2._.js:2477
[      68ms] [LOG] [HMR] connected @ http://localhost:3000/_next/static/chunks/node_modules_next_dist_1ybzpk2._.js:2477
[    7867ms] [INFO] %cDownload the React DevTools for a better development experience: https://react.dev/link/react-devtools font-weight:bold @ http://localhost:3000/_next/static/chunks/node_modules_next_dist_1ybzpk2._.js:2477
[    7875ms] [LOG] [HMR] connected @ http://localhost:3000/_next/static/chunks/node_modules_next_dist_1ybzpk2._.js:2477
[    7886ms] [ERROR] A tree hydrated but some attributes of the server rendered HTML didn't match the client properties. This won't be patched up. This can happen if a SSR-ed Client Component used:

- A server/client branch `if (typeof window !== 'undefined')`.
- Variable input such as `Date.now()` or `Math.random()` which changes each time it's called.
- Date formatting in a user's locale which doesn't match the server.
- External changing data without sending a snapshot of it along with the HTML.
- Invalid HTML tag nesting.

It can also happen if the client has a browser extension installed which messes with the HTML before React loaded.

%s%s https://react.dev/link/hydration-mismatch 

  ...
    <InnerScrollAndFocusHandlerOld focusAndScrollRef={{scrollRef:null, ...}} cacheNode={{rsc:{...}, ...}}>
      <ErrorBoundary errorComponent={undefined} errorStyles={undefined} errorScripts={undefined}>
        <LoadingBoundary name="maret-belu..." loading={null}>
          <HTTPAccessFallbackBoundary notFound={undefined} forbidden={undefined} unauthorized={undefined}>
            <RedirectBoundary>
              <RedirectErrorBoundary router={{...}}>
                <InnerLayoutRouter url="/baca/senj..." tree={[...]} params={{workSlug:"...", ...}} ...>
                  <SegmentViewNode type="page" pagePath="baca/[work...">
                    <SegmentTrieNode>
                    <BacaChapterPage>
                      <ReaderPage work={{id:1,title:"Se...", ...}} chapter={{id:3,workId:1, ...}} ...>
                        <div className="min-h-scre...">
                          <div>
                          <div className="w-full max...">
                            <header>
                            <div className="flex-1 px-...">
                              <ChapterContent content={"<p>Mingg..."} settings={{fontSize:"...", ...}} isPremium={true} ...>
                                <article
+                                 className="text-[17px] leading-[2.1] font-[family-name:var(--font-georgia)]"
-                                 className="text-[17px] leading-[2.1] font-[family-name:var(--font-lora)]"
                                  style={{color:"var(--fore..."}}
                                >
                              ...
                            ...
                  ...
                ...
      ...
 @ http://localhost:3000/_next/static/chunks/node_modules_next_dist_1ybzpk2._.js:3318
[   49681ms] [INFO] %cDownload the React DevTools for a better development experience: https://react.dev/link/react-devtools font-weight:bold @ http://localhost:3000/_next/static/chunks/node_modules_next_dist_1ybzpk2._.js:2477
[   49691ms] [LOG] [HMR] connected @ http://localhost:3000/_next/static/chunks/node_modules_next_dist_1ybzpk2._.js:2477
[   49699ms] [ERROR] A tree hydrated but some attributes of the server rendered HTML didn't match the client properties. This won't be patched up. This can happen if a SSR-ed Client Component used:

- A server/client branch `if (typeof window !== 'undefined')`.
- Variable input such as `Date.now()` or `Math.random()` which changes each time it's called.
- Date formatting in a user's locale which doesn't match the server.
- External changing data without sending a snapshot of it along with the HTML.
- Invalid HTML tag nesting.

It can also happen if the client has a browser extension installed which messes with the HTML before React loaded.

%s%s https://react.dev/link/hydration-mismatch 

  ...
    <InnerScrollAndFocusHandlerOld focusAndScrollRef={{scrollRef:null, ...}} cacheNode={{rsc:{...}, ...}}>
      <ErrorBoundary errorComponent={undefined} errorStyles={undefined} errorScripts={undefined}>
        <LoadingBoundary name="hujan-dan-..." loading={null}>
          <HTTPAccessFallbackBoundary notFound={undefined} forbidden={undefined} unauthorized={undefined}>
            <RedirectBoundary>
              <RedirectErrorBoundary router={{...}}>
                <InnerLayoutRouter url="/baca/senj..." tree={[...]} params={{workSlug:"...", ...}} ...>
                  <SegmentViewNode type="page" pagePath="baca/[work...">
                    <SegmentTrieNode>
                    <BacaChapterPage>
                      <ReaderPage work={{id:1,title:"Se...", ...}} chapter={{id:2,workId:1, ...}} ...>
                        <div className="min-h-scre...">
                          <div>
                          <div className="w-full max...">
                            <header>
                            <div className="flex-1 px-...">
                              <ChapterContent content={"<p>Semin..."} settings={{fontSize:"...", ...}} isPremium={false} ...>
                                <article
+                                 className="text-[17px] leading-[2.1] font-[family-name:var(--font-georgia)]"
-                                 className="text-[17px] leading-[2.1] font-[family-name:var(--font-lora)]"
                                  style={{color:"var(--fore..."}}
                                >
                            ...
                  ...
                ...
      ...
 @ http://localhost:3000/_next/static/chunks/node_modules_next_dist_1ybzpk2._.js:3318
[   61234ms] [INFO] %cDownload the React DevTools for a better development experience: https://react.dev/link/react-devtools font-weight:bold @ http://localhost:3000/_next/static/chunks/node_modules_next_dist_1ybzpk2._.js:2477
[   61241ms] [LOG] [HMR] connected @ http://localhost:3000/_next/static/chunks/node_modules_next_dist_1ybzpk2._.js:2477
[   61252ms] [ERROR] A tree hydrated but some attributes of the server rendered HTML didn't match the client properties. This won't be patched up. This can happen if a SSR-ed Client Component used:

- A server/client branch `if (typeof window !== 'undefined')`.
- Variable input such as `Date.now()` or `Math.random()` which changes each time it's called.
- Date formatting in a user's locale which doesn't match the server.
- External changing data without sending a snapshot of it along with the HTML.
- Invalid HTML tag nesting.

It can also happen if the client has a browser extension installed which messes with the HTML before React loaded.

%s%s https://react.dev/link/hydration-mismatch 

  ...
    <InnerScrollAndFocusHandlerOld focusAndScrollRef={{scrollRef:null, ...}} cacheNode={{rsc:{...}, ...}}>
      <ErrorBoundary errorComponent={undefined} errorStyles={undefined} errorScripts={undefined}>
        <LoadingBoundary name="hujan-dan-..." loading={null}>
          <HTTPAccessFallbackBoundary notFound={undefined} forbidden={undefined} unauthorized={undefined}>
            <RedirectBoundary>
              <RedirectErrorBoundary router={{...}}>
                <InnerLayoutRouter url="/baca/senj..." tree={[...]} params={{workSlug:"...", ...}} ...>
                  <SegmentViewNode type="page" pagePath="baca/[work...">
                    <SegmentTrieNode>
                    <BacaChapterPage>
                      <ReaderPage work={{id:1,title:"Se...", ...}} chapter={{id:2,workId:1, ...}} ...>
                        <div className="min-h-scre...">
                          <div>
                          <div className="w-full max...">
                            <header>
                            <div className="flex-1 px-...">
                              <ChapterContent content={"<p>Semin..."} settings={{fontSize:"...", ...}} isPremium={false} ...>
                                <article
+                                 className="text-[17px] leading-[2.1] font-[family-name:var(--font-georgia)]"
-                                 className="text-[17px] leading-[2.1] font-[family-name:var(--font-lora)]"
                                  style={{color:"var(--fore..."}}
                                >
                            ...
                  ...
                ...
      ...
 @ http://localhost:3000/_next/static/chunks/node_modules_next_dist_1ybzpk2._.js:3318
[   62115ms] [INFO] %cDownload the React DevTools for a better development experience: https://react.dev/link/react-devtools font-weight:bold @ http://localhost:3000/_next/static/chunks/node_modules_next_dist_1ybzpk2._.js:2477
[   62122ms] [LOG] [HMR] connected @ http://localhost:3000/_next/static/chunks/node_modules_next_dist_1ybzpk2._.js:2477
[   62133ms] [ERROR] A tree hydrated but some attributes of the server rendered HTML didn't match the client properties. This won't be patched up. This can happen if a SSR-ed Client Component used:

- A server/client branch `if (typeof window !== 'undefined')`.
- Variable input such as `Date.now()` or `Math.random()` which changes each time it's called.
- Date formatting in a user's locale which doesn't match the server.
- External changing data without sending a snapshot of it along with the HTML.
- Invalid HTML tag nesting.

It can also happen if the client has a browser extension installed which messes with the HTML before React loaded.

%s%s https://react.dev/link/hydration-mismatch 

  ...
    <InnerScrollAndFocusHandlerOld focusAndScrollRef={{scrollRef:null, ...}} cacheNode={{rsc:{...}, ...}}>
      <ErrorBoundary errorComponent={undefined} errorStyles={undefined} errorScripts={undefined}>
        <LoadingBoundary name="maret-belu..." loading={null}>
          <HTTPAccessFallbackBoundary notFound={undefined} forbidden={undefined} unauthorized={undefined}>
            <RedirectBoundary>
              <RedirectErrorBoundary router={{...}}>
                <InnerLayoutRouter url="/baca/senj..." tree={[...]} params={{workSlug:"...", ...}} ...>
                  <SegmentViewNode type="page" pagePath="baca/[work...">
                    <SegmentTrieNode>
                    <BacaChapterPage>
                      <ReaderPage work={{id:1,title:"Se...", ...}} chapter={{id:3,workId:1, ...}} ...>
                        <div className="min-h-scre...">
                          <div>
                          <div className="w-full max...">
                            <header>
                            <div className="flex-1 px-...">
                              <ChapterContent content={"<p>Mingg..."} settings={{fontSize:"...", ...}} isPremium={true} ...>
                                <article
+                                 className="text-[17px] leading-[2.1] font-[family-name:var(--font-georgia)]"
-                                 className="text-[17px] leading-[2.1] font-[family-name:var(--font-lora)]"
                                  style={{color:"var(--fore..."}}
                                >
                              ...
                            ...
                  ...
                ...
      ...
 @ http://localhost:3000/_next/static/chunks/node_modules_next_dist_1ybzpk2._.js:3318
[   72384ms] [INFO] %cDownload the React DevTools for a better development experience: https://react.dev/link/react-devtools font-weight:bold @ http://localhost:3000/_next/static/chunks/node_modules_next_dist_1ybzpk2._.js:2477
[   72392ms] [LOG] [HMR] connected @ http://localhost:3000/_next/static/chunks/node_modules_next_dist_1ybzpk2._.js:2477
[   72405ms] [ERROR] A tree hydrated but some attributes of the server rendered HTML didn't match the client properties. This won't be patched up. This can happen if a SSR-ed Client Component used:

- A server/client branch `if (typeof window !== 'undefined')`.
- Variable input such as `Date.now()` or `Math.random()` which changes each time it's called.
- Date formatting in a user's locale which doesn't match the server.
- External changing data without sending a snapshot of it along with the HTML.
- Invalid HTML tag nesting.

It can also happen if the client has a browser extension installed which messes with the HTML before React loaded.

%s%s https://react.dev/link/hydration-mismatch 

  ...
    <InnerScrollAndFocusHandlerOld focusAndScrollRef={{scrollRef:null, ...}} cacheNode={{rsc:{...}, ...}}>
      <ErrorBoundary errorComponent={undefined} errorStyles={undefined} errorScripts={undefined}>
        <LoadingBoundary name="hujan-dan-..." loading={null}>
          <HTTPAccessFallbackBoundary notFound={undefined} forbidden={undefined} unauthorized={undefined}>
            <RedirectBoundary>
              <RedirectErrorBoundary router={{...}}>
                <InnerLayoutRouter url="/baca/senj..." tree={[...]} params={{workSlug:"...", ...}} ...>
                  <SegmentViewNode type="page" pagePath="baca/[work...">
                    <SegmentTrieNode>
                    <BacaChapterPage>
                      <ReaderPage work={{id:1,title:"Se...", ...}} chapter={{id:2,workId:1, ...}} ...>
                        <div className="min-h-scre...">
                          <div>
                          <div className="w-full max...">
                            <header>
                            <div className="flex-1 px-...">
                              <ChapterContent content={"<p>Semin..."} settings={{fontSize:"...", ...}} isPremium={false} ...>
                                <article
+                                 className="text-[17px] leading-[2.1] font-[family-name:var(--font-georgia)]"
-                                 className="text-[17px] leading-[2.1] font-[family-name:var(--font-lora)]"
                                  style={{color:"var(--fore..."}}
                                >
                            ...
                  ...
                ...
      ...
 @ http://localhost:3000/_next/static/chunks/node_modules_next_dist_1ybzpk2._.js:3318
[   73993ms] [INFO] %cDownload the React DevTools for a better development experience: https://react.dev/link/react-devtools font-weight:bold @ http://localhost:3000/_next/static/chunks/node_modules_next_dist_1ybzpk2._.js:2477
[   73999ms] [LOG] [HMR] connected @ http://localhost:3000/_next/static/chunks/node_modules_next_dist_1ybzpk2._.js:2477
[   74011ms] [ERROR] A tree hydrated but some attributes of the server rendered HTML didn't match the client properties. This won't be patched up. This can happen if a SSR-ed Client Component used:

- A server/client branch `if (typeof window !== 'undefined')`.
- Variable input such as `Date.now()` or `Math.random()` which changes each time it's called.
- Date formatting in a user's locale which doesn't match the server.
- External changing data without sending a snapshot of it along with the HTML.
- Invalid HTML tag nesting.

It can also happen if the client has a browser extension installed which messes with the HTML before React loaded.

%s%s https://react.dev/link/hydration-mismatch 

  ...
    <InnerScrollAndFocusHandlerOld focusAndScrollRef={{scrollRef:null, ...}} cacheNode={{rsc:{...}, ...}}>
      <ErrorBoundary errorComponent={undefined} errorStyles={undefined} errorScripts={undefined}>
        <LoadingBoundary name="pertemuan-..." loading={null}>
          <HTTPAccessFallbackBoundary notFound={undefined} forbidden={undefined} unauthorized={undefined}>
            <RedirectBoundary>
              <RedirectErrorBoundary router={{...}}>
                <InnerLayoutRouter url="/baca/senj..." tree={[...]} params={{workSlug:"...", ...}} ...>
                  <SegmentViewNode type="page" pagePath="baca/[work...">
                    <SegmentTrieNode>
                    <BacaChapterPage>
                      <ReaderPage work={{id:1,title:"Se...", ...}} chapter={{id:1,workId:1, ...}} prevChapter={null} ...>
                        <div className="min-h-scre...">
                          <div>
                          <div className="w-full max...">
                            <header>
                            <div className="flex-1 px-...">
                              <ChapterContent content={"<p>Hari ..."} settings={{fontSize:"...", ...}} isPremium={false} ...>
                                <article
+                                 className="text-[17px] leading-[2.1] font-[family-name:var(--font-georgia)]"
-                                 className="text-[17px] leading-[2.1] font-[family-name:var(--font-lora)]"
                                  style={{color:"var(--fore..."}}
                                >
                            ...
                  ...
                ...
      ...
 @ http://localhost:3000/_next/static/chunks/node_modules_next_dist_1ybzpk2._.js:3318
[   96493ms] [INFO] %cDownload the React DevTools for a better development experience: https://react.dev/link/react-devtools font-weight:bold @ http://localhost:3000/_next/static/chunks/node_modules_next_dist_1ybzpk2._.js:2477
[   96500ms] [LOG] [HMR] connected @ http://localhost:3000/_next/static/chunks/node_modules_next_dist_1ybzpk2._.js:2477
[   96509ms] [ERROR] A tree hydrated but some attributes of the server rendered HTML didn't match the client properties. This won't be patched up. This can happen if a SSR-ed Client Component used:

- A server/client branch `if (typeof window !== 'undefined')`.
- Variable input such as `Date.now()` or `Math.random()` which changes each time it's called.
- Date formatting in a user's locale which doesn't match the server.
- External changing data without sending a snapshot of it along with the HTML.
- Invalid HTML tag nesting.

It can also happen if the client has a browser extension installed which messes with the HTML before React loaded.

%s%s https://react.dev/link/hydration-mismatch 

  ...
    <InnerScrollAndFocusHandlerOld focusAndScrollRef={{scrollRef:null, ...}} cacheNode={{rsc:{...}, ...}}>
      <ErrorBoundary errorComponent={undefined} errorStyles={undefined} errorScripts={undefined}>
        <LoadingBoundary name="hujan-dan-..." loading={null}>
          <HTTPAccessFallbackBoundary notFound={undefined} forbidden={undefined} unauthorized={undefined}>
            <RedirectBoundary>
              <RedirectErrorBoundary router={{...}}>
                <InnerLayoutRouter url="/baca/senj..." tree={[...]} params={{workSlug:"...", ...}} ...>
                  <SegmentViewNode type="page" pagePath="baca/[work...">
                    <SegmentTrieNode>
                    <BacaChapterPage>
                      <ReaderPage work={{id:1,title:"Se...", ...}} chapter={{id:2,workId:1, ...}} ...>
                        <div className="min-h-scre...">
                          <div>
                          <div className="w-full max...">
                            <header>
                            <div className="flex-1 px-...">
                              <ChapterContent content={"<p>Semin..."} settings={{fontSize:"...", ...}} isPremium={false} ...>
                                <article
+                                 className="text-[17px] leading-[2.1] font-[family-name:var(--font-georgia)]"
-                                 className="text-[17px] leading-[2.1] font-[family-name:var(--font-lora)]"
                                  style={{color:"var(--fore..."}}
                                >
                            ...
                  ...
                ...
      ...
 @ http://localhost:3000/_next/static/chunks/node_modules_next_dist_1ybzpk2._.js:3318
[  152962ms] [INFO] %cDownload the React DevTools for a better development experience: https://react.dev/link/react-devtools font-weight:bold @ http://localhost:3000/_next/static/chunks/node_modules_next_dist_1ybzpk2._.js:2477
[  152969ms] [LOG] [HMR] connected @ http://localhost:3000/_next/static/chunks/node_modules_next_dist_1ybzpk2._.js:2477
[  152977ms] [ERROR] A tree hydrated but some attributes of the server rendered HTML didn't match the client properties. This won't be patched up. This can happen if a SSR-ed Client Component used:

- A server/client branch `if (typeof window !== 'undefined')`.
- Variable input such as `Date.now()` or `Math.random()` which changes each time it's called.
- Date formatting in a user's locale which doesn't match the server.
- External changing data without sending a snapshot of it along with the HTML.
- Invalid HTML tag nesting.

It can also happen if the client has a browser extension installed which messes with the HTML before React loaded.

%s%s https://react.dev/link/hydration-mismatch 

  ...
    <InnerScrollAndFocusHandlerOld focusAndScrollRef={{scrollRef:null, ...}} cacheNode={{rsc:{...}, ...}}>
      <ErrorBoundary errorComponent={undefined} errorStyles={undefined} errorScripts={undefined}>
        <LoadingBoundary name="hujan-dan-..." loading={null}>
          <HTTPAccessFallbackBoundary notFound={undefined} forbidden={undefined} unauthorized={undefined}>
            <RedirectBoundary>
              <RedirectErrorBoundary router={{...}}>
                <InnerLayoutRouter url="/baca/senj..." tree={[...]} params={{workSlug:"...", ...}} ...>
                  <SegmentViewNode type="page" pagePath="baca/[work...">
                    <SegmentTrieNode>
                    <BacaChapterPage>
                      <ReaderPage work={{id:1,title:"Se...", ...}} chapter={{id:2,workId:1, ...}} ...>
                        <div className="min-h-scre...">
                          <div>
                          <div className="w-full max...">
                            <header>
                            <div className="flex-1 px-...">
                              <ChapterContent content={"<p>Semin..."} settings={{fontSize:"...", ...}} isPremium={false} ...>
                                <article
+                                 className="text-[17px] leading-[2.1] font-[family-name:var(--font-georgia)]"
-                                 className="text-[17px] leading-[2.1] font-[family-name:var(--font-lora)]"
                                  style={{color:"var(--fore..."}}
                                >
                            ...
                  ...
                ...
      ...
 @ http://localhost:3000/_next/static/chunks/node_modules_next_dist_1ybzpk2._.js:3318
[  183251ms] [LOG] [Fast Refresh] rebuilding @ http://localhost:3000/_next/static/chunks/node_modules_next_dist_1ybzpk2._.js:2477
[  183281ms] [LOG] [Fast Refresh] done in 19ms @ http://localhost:3000/_next/static/chunks/node_modules_next_dist_1ybzpk2._.js:2477
[  192501ms] [INFO] %cDownload the React DevTools for a better development experience: https://react.dev/link/react-devtools font-weight:bold @ http://localhost:3000/_next/static/chunks/node_modules_next_dist_1ybzpk2._.js:2477
[  192509ms] [LOG] [HMR] connected @ http://localhost:3000/_next/static/chunks/node_modules_next_dist_1ybzpk2._.js:2477
[  192520ms] [ERROR] A tree hydrated but some attributes of the server rendered HTML didn't match the client properties. This won't be patched up. This can happen if a SSR-ed Client Component used:

- A server/client branch `if (typeof window !== 'undefined')`.
- Variable input such as `Date.now()` or `Math.random()` which changes each time it's called.
- Date formatting in a user's locale which doesn't match the server.
- External changing data without sending a snapshot of it along with the HTML.
- Invalid HTML tag nesting.

It can also happen if the client has a browser extension installed which messes with the HTML before React loaded.

%s%s https://react.dev/link/hydration-mismatch 

  ...
    <InnerScrollAndFocusHandlerOld focusAndScrollRef={{scrollRef:null, ...}} cacheNode={{rsc:{...}, ...}}>
      <ErrorBoundary errorComponent={undefined} errorStyles={undefined} errorScripts={undefined}>
        <LoadingBoundary name="hujan-dan-..." loading={null}>
          <HTTPAccessFallbackBoundary notFound={undefined} forbidden={undefined} unauthorized={undefined}>
            <RedirectBoundary>
              <RedirectErrorBoundary router={{...}}>
                <InnerLayoutRouter url="/baca/senj..." tree={[...]} params={{workSlug:"...", ...}} ...>
                  <SegmentViewNode type="page" pagePath="baca/[work...">
                    <SegmentTrieNode>
                    <BacaChapterPage>
                      <ReaderPage work={{id:1,title:"Se...", ...}} chapter={{id:2,workId:1, ...}} ...>
                        <div className="min-h-scre...">
                          <div>
                          <div className="w-full max...">
                            <header>
                            <div className="flex-1 px-...">
                              <ChapterContent content={"<p>Semin..."} settings={{fontSize:"...", ...}} isPremium={false} ...>
                                <article
                                  className="text-[17px] leading-[2.1]"
                                  style={{
+                                   color: "var(--foreground)"
-                                   color: "var(--foreground)"
+                                   fontFamily: "Georgia, 'Times New Roman', serif"
-                                   font-family: "var(--font-lora)"
                                  }}
                                >
                            ...
                  ...
                ...
      ...
 @ http://localhost:3000/_next/static/chunks/node_modules_next_dist_1ybzpk2._.js:3318
[  192564ms] [INFO] %cDownload the React DevTools for a better development experience: https://react.dev/link/react-devtools font-weight:bold @ http://localhost:3000/_next/static/chunks/node_modules_next_dist_1ybzpk2._.js:2477
[  192571ms] [LOG] [HMR] connected @ http://localhost:3000/_next/static/chunks/node_modules_next_dist_1ybzpk2._.js:2477
[  192581ms] [ERROR] A tree hydrated but some attributes of the server rendered HTML didn't match the client properties. This won't be patched up. This can happen if a SSR-ed Client Component used:

- A server/client branch `if (typeof window !== 'undefined')`.
- Variable input such as `Date.now()` or `Math.random()` which changes each time it's called.
- Date formatting in a user's locale which doesn't match the server.
- External changing data without sending a snapshot of it along with the HTML.
- Invalid HTML tag nesting.

It can also happen if the client has a browser extension installed which messes with the HTML before React loaded.

%s%s https://react.dev/link/hydration-mismatch 

  ...
    <InnerScrollAndFocusHandlerOld focusAndScrollRef={{scrollRef:null, ...}} cacheNode={{rsc:{...}, ...}}>
      <ErrorBoundary errorComponent={undefined} errorStyles={undefined} errorScripts={undefined}>
        <LoadingBoundary name="hujan-dan-..." loading={null}>
          <HTTPAccessFallbackBoundary notFound={undefined} forbidden={undefined} unauthorized={undefined}>
            <RedirectBoundary>
              <RedirectErrorBoundary router={{...}}>
                <InnerLayoutRouter url="/baca/senj..." tree={[...]} params={{workSlug:"...", ...}} ...>
                  <SegmentViewNode type="page" pagePath="baca/[work...">
                    <SegmentTrieNode>
                    <BacaChapterPage>
                      <ReaderPage work={{id:1,title:"Se...", ...}} chapter={{id:2,workId:1, ...}} ...>
                        <div className="min-h-scre...">
                          <div>
                          <div className="w-full max...">
                            <header>
                            <div className="flex-1 px-...">
                              <ChapterContent content={"<p>Semin..."} settings={{fontSize:"...", ...}} isPremium={false} ...>
                                <article
                                  className="text-[17px] leading-[2.1]"
                                  style={{
+                                   color: "var(--foreground)"
-                                   color: "var(--foreground)"
+                                   fontFamily: "Georgia, 'Times New Roman', serif"
-                                   font-family: "var(--font-lora)"
                                  }}
                                >
                            ...
                  ...
                ...
      ...
 @ http://localhost:3000/_next/static/chunks/node_modules_next_dist_1ybzpk2._.js:3318
[  201395ms] [INFO] %cDownload the React DevTools for a better development experience: https://react.dev/link/react-devtools font-weight:bold @ http://localhost:3000/_next/static/chunks/node_modules_next_dist_1ybzpk2._.js:2477
[  201401ms] [LOG] [HMR] connected @ http://localhost:3000/_next/static/chunks/node_modules_next_dist_1ybzpk2._.js:2477
[  201412ms] [ERROR] A tree hydrated but some attributes of the server rendered HTML didn't match the client properties. This won't be patched up. This can happen if a SSR-ed Client Component used:

- A server/client branch `if (typeof window !== 'undefined')`.
- Variable input such as `Date.now()` or `Math.random()` which changes each time it's called.
- Date formatting in a user's locale which doesn't match the server.
- External changing data without sending a snapshot of it along with the HTML.
- Invalid HTML tag nesting.

It can also happen if the client has a browser extension installed which messes with the HTML before React loaded.

%s%s https://react.dev/link/hydration-mismatch 

  ...
    <InnerScrollAndFocusHandlerOld focusAndScrollRef={{scrollRef:null, ...}} cacheNode={{rsc:{...}, ...}}>
      <ErrorBoundary errorComponent={undefined} errorStyles={undefined} errorScripts={undefined}>
        <LoadingBoundary name="hujan-dan-..." loading={null}>
          <HTTPAccessFallbackBoundary notFound={undefined} forbidden={undefined} unauthorized={undefined}>
            <RedirectBoundary>
              <RedirectErrorBoundary router={{...}}>
                <InnerLayoutRouter url="/baca/senj..." tree={[...]} params={{workSlug:"...", ...}} ...>
                  <SegmentViewNode type="page" pagePath="baca/[work...">
                    <SegmentTrieNode>
                    <BacaChapterPage>
                      <ReaderPage work={{id:1,title:"Se...", ...}} chapter={{id:2,workId:1, ...}} ...>
                        <div className="min-h-scre...">
                          <div>
                          <div className="w-full max...">
                            <header>
                            <div className="flex-1 px-...">
                              <ChapterContent content={"<p>Semin..."} settings={{fontSize:"...", ...}} isPremium={false} ...>
                                <article
                                  className="text-[17px] leading-[2.1]"
                                  style={{
+                                   color: "var(--foreground)"
-                                   color: "var(--foreground)"
+                                   fontFamily: "Georgia, 'Times New Roman', serif"
-                                   font-family: "var(--font-lora)"
                                  }}
                                >
                            ...
                  ...
                ...
      ...
 @ http://localhost:3000/_next/static/chunks/node_modules_next_dist_1ybzpk2._.js:3318
[  255726ms] [LOG] [Fast Refresh] rebuilding @ http://localhost:3000/_next/static/chunks/node_modules_next_dist_1ybzpk2._.js:2477
[  255756ms] [LOG] [Fast Refresh] done in 14ms @ http://localhost:3000/_next/static/chunks/node_modules_next_dist_1ybzpk2._.js:2477
[  262983ms] [INFO] %cDownload the React DevTools for a better development experience: https://react.dev/link/react-devtools font-weight:bold @ http://localhost:3000/_next/static/chunks/node_modules_next_dist_1ybzpk2._.js:2477
[  262990ms] [LOG] [HMR] connected @ http://localhost:3000/_next/static/chunks/node_modules_next_dist_1ybzpk2._.js:2477
[  263003ms] [ERROR] A tree hydrated but some attributes of the server rendered HTML didn't match the client properties. This won't be patched up. This can happen if a SSR-ed Client Component used:

- A server/client branch `if (typeof window !== 'undefined')`.
- Variable input such as `Date.now()` or `Math.random()` which changes each time it's called.
- Date formatting in a user's locale which doesn't match the server.
- External changing data without sending a snapshot of it along with the HTML.
- Invalid HTML tag nesting.

It can also happen if the client has a browser extension installed which messes with the HTML before React loaded.

%s%s https://react.dev/link/hydration-mismatch 

  ...
    <InnerScrollAndFocusHandlerOld focusAndScrollRef={{scrollRef:null, ...}} cacheNode={{rsc:{...}, ...}}>
      <ErrorBoundary errorComponent={undefined} errorStyles={undefined} errorScripts={undefined}>
        <LoadingBoundary name="hujan-dan-..." loading={null}>
          <HTTPAccessFallbackBoundary notFound={undefined} forbidden={undefined} unauthorized={undefined}>
            <RedirectBoundary>
              <RedirectErrorBoundary router={{...}}>
                <InnerLayoutRouter url="/baca/senj..." tree={[...]} params={{workSlug:"...", ...}} ...>
                  <SegmentViewNode type="page" pagePath="baca/[work...">
                    <SegmentTrieNode>
                    <BacaChapterPage>
                      <ReaderPage work={{id:1,title:"Se...", ...}} chapter={{id:2,workId:1, ...}} ...>
                        <div className="min-h-scre...">
                          <div>
                          <div className="w-full max...">
                            <header>
                            <div className="flex-1 px-...">
                              <ChapterContent content={"<p>Semin..."} settings={{fontSize:"...", ...}} isPremium={false} ...>
                                <article
                                  className="text-[17px] leading-[2.1]"
                                  style={{
+                                   color: "var(--foreground)"
-                                   color: "var(--foreground)"
+                                   fontFamily: "var(--font-geist-sans)"
-                                   font-family: "var(--font-lora)"
                                  }}
                                >
                            ...
                  ...
                ...
      ...
 @ http://localhost:3000/_next/static/chunks/node_modules_next_dist_1ybzpk2._.js:3318
[  299924ms] [LOG] [Fast Refresh] rebuilding @ http://localhost:3000/_next/static/chunks/node_modules_next_dist_1ybzpk2._.js:2477
[  299954ms] [LOG] [Fast Refresh] done in 14ms @ http://localhost:3000/_next/static/chunks/node_modules_next_dist_1ybzpk2._.js:2477
[  311856ms] [LOG] [Fast Refresh] rebuilding @ http://localhost:3000/_next/static/chunks/node_modules_next_dist_1ybzpk2._.js:2477
[  311886ms] [LOG] [Fast Refresh] done in 13ms @ http://localhost:3000/_next/static/chunks/node_modules_next_dist_1ybzpk2._.js:2477
