[      58ms] [INFO] %cDownload the React DevTools for a better development experience: https://react.dev/link/react-devtools font-weight:bold @ http://localhost:3000/_next/static/chunks/node_modules_next_dist_1ybzpk2._.js:2477
[      65ms] [LOG] [HMR] connected @ http://localhost:3000/_next/static/chunks/node_modules_next_dist_1ybzpk2._.js:2477
[      78ms] [ERROR] A tree hydrated but some attributes of the server rendered HTML didn't match the client properties. This won't be patched up. This can happen if a SSR-ed Client Component used:

- A server/client branch `if (typeof window !== 'undefined')`.
- Variable input such as `Date.now()` or `Math.random()` which changes each time it's called.
- Date formatting in a user's locale which doesn't match the server.
- External changing data without sending a snapshot of it along with the HTML.
- Invalid HTML tag nesting.

It can also happen if the client has a browser extension installed which messes with the HTML before React loaded.

%s%s https://react.dev/link/hydration-mismatch 

  ...
    <InnerScrollAndFocusHandlerOld focusAndScrollRef={{scrollRef:null, ...}} cacheNode={{rsc:{...}, ...}}>
      <ErrorBoundary errorComponent={undefined} errorStyles={undefined} errorScripts={undefined}>
        <LoadingBoundary name="hujan-dan-..." loading={null}>
          <HTTPAccessFallbackBoundary notFound={undefined} forbidden={undefined} unauthorized={undefined}>
            <RedirectBoundary>
              <RedirectErrorBoundary router={{...}}>
                <InnerLayoutRouter url="/baca/senj..." tree={[...]} params={{workSlug:"...", ...}} ...>
                  <SegmentViewNode type="page" pagePath="baca/[work...">
                    <SegmentTrieNode>
                    <BacaChapterPage>
                      <ReaderPage work={{id:1,title:"Se...", ...}} chapter={{id:2,workId:1, ...}} ...>
                        <div className="min-h-scre...">
                          <div>
                          <div className="w-full max...">
                            <header>
                            <div className="flex-1 px-...">
                              <ChapterContent content={"<p>Semin..."} settings={{fontSize:"...", ...}} isPremium={false} ...>
                                <article
                                  style={{
+                                   color: "var(--foreground)"
-                                   color: "var(--foreground)"
+                                   fontSize: "var(--r-fs, 17px)"
+                                   lineHeight: "var(--r-lh, 2.1)"
+                                   fontFamily: "var(--r-ff, Georgia, 'Times New Roman', serif)"
-                                   font-size: "var(--r-fs, 17px)"
-                                   line-height: "var(--r-lh, 2.1)"
-                                   font-family: "var(--r-ff, var(--font-lora))"
                                  }}
                                >
                            ...
                  ...
                ...
      ...
 @ http://localhost:3000/_next/static/chunks/node_modules_next_dist_1ybzpk2._.js:3318
[    4503ms] [INFO] %cDownload the React DevTools for a better development experience: https://react.dev/link/react-devtools font-weight:bold @ http://localhost:3000/_next/static/chunks/node_modules_next_dist_1ybzpk2._.js:2477
[    4510ms] [LOG] [HMR] connected @ http://localhost:3000/_next/static/chunks/node_modules_next_dist_1ybzpk2._.js:2477
[    4519ms] [ERROR] A tree hydrated but some attributes of the server rendered HTML didn't match the client properties. This won't be patched up. This can happen if a SSR-ed Client Component used:

- A server/client branch `if (typeof window !== 'undefined')`.
- Variable input such as `Date.now()` or `Math.random()` which changes each time it's called.
- Date formatting in a user's locale which doesn't match the server.
- External changing data without sending a snapshot of it along with the HTML.
- Invalid HTML tag nesting.

It can also happen if the client has a browser extension installed which messes with the HTML before React loaded.

%s%s https://react.dev/link/hydration-mismatch 

  ...
    <RenderFromTemplateContext>
      <ScrollAndMaybeFocusHandler cacheNode={{rsc:{...}, ...}}>
        <InnerScrollAndFocusHandlerOld focusAndScrollRef={{scrollRef:null, ...}} cacheNode={{rsc:{...}, ...}}>
          <ErrorBoundary errorComponent={undefined} errorStyles={undefined} errorScripts={undefined}>
            <LoadingBoundary name="hujan-dan-..." loading={null}>
              <HTTPAccessFallbackBoundary notFound={undefined} forbidden={undefined} unauthorized={undefined}>
                <RedirectBoundary>
                  <RedirectErrorBoundary router={{...}}>
                    <InnerLayoutRouter url="/baca/senj..." tree={[...]} params={{workSlug:"...", ...}} ...>
                      <SegmentViewNode type="page" pagePath="baca/[work...">
                        <SegmentTrieNode>
                        <BacaChapterPage>
                          <ReaderPage work={{id:1,title:"Se...", ...}} chapter={{id:2,workId:1, ...}} ...>
                            <div className="min-h-scre...">
                              <div>
                              <div className="w-full max...">
                                <header
                                  className="sticky top-0 z-40 px-5 py-3 flex items-center gap-3 backdrop-blur-md"
                                  style={{
+                                   backgroundColor: "rgba(27, 22, 20, 0.85)"
+                                   borderBottom: "1px solid var(--border)"
-                                   background-color: "rgba(249, 245, 239, 0.85)"
-                                   border-bottom-width: ""
-                                   border-bottom-style: ""
-                                   border-bottom-color: ""
                                  }}
                                >
                                <div className="flex-1 px-...">
                                  <ChapterContent content={"<p>Semin..."} settings={{fontSize:"...", ...}} ...>
                                    <article
                                      style={{
+                                       color: "var(--foreground)"
-                                       color: "var(--foreground)"
+                                       fontSize: "var(--r-fs, 19px)"
+                                       lineHeight: "var(--r-lh, 2.5)"
+                                       fontFamily: "var(--r-ff, Georgia, 'Times New Roman', serif)"
-                                       font-size: "var(--r-fs, 17px)"
-                                       line-height: "var(--r-lh, 2.1)"
-                                       font-family: "var(--r-ff, var(--font-lora))"
                                      }}
                                    >
                                ...
                      ...
                    ...
          ...
 @ http://localhost:3000/_next/static/chunks/node_modules_next_dist_1ybzpk2._.js:3318
[   23509ms] [INFO] %cDownload the React DevTools for a better development experience: https://react.dev/link/react-devtools font-weight:bold @ http://localhost:3000/_next/static/chunks/node_modules_next_dist_1ybzpk2._.js:2477
[   23516ms] [LOG] [HMR] connected @ http://localhost:3000/_next/static/chunks/node_modules_next_dist_1ybzpk2._.js:2477
[   23533ms] [ERROR] A tree hydrated but some attributes of the server rendered HTML didn't match the client properties. This won't be patched up. This can happen if a SSR-ed Client Component used:

- A server/client branch `if (typeof window !== 'undefined')`.
- Variable input such as `Date.now()` or `Math.random()` which changes each time it's called.
- Date formatting in a user's locale which doesn't match the server.
- External changing data without sending a snapshot of it along with the HTML.
- Invalid HTML tag nesting.

It can also happen if the client has a browser extension installed which messes with the HTML before React loaded.

%s%s https://react.dev/link/hydration-mismatch 

  ...
    <RenderFromTemplateContext>
      <ScrollAndMaybeFocusHandler cacheNode={{rsc:{...}, ...}}>
        <InnerScrollAndFocusHandlerOld focusAndScrollRef={{scrollRef:null, ...}} cacheNode={{rsc:{...}, ...}}>
          <ErrorBoundary errorComponent={undefined} errorStyles={undefined} errorScripts={undefined}>
            <LoadingBoundary name="maret-belu..." loading={null}>
              <HTTPAccessFallbackBoundary notFound={undefined} forbidden={undefined} unauthorized={undefined}>
                <RedirectBoundary>
                  <RedirectErrorBoundary router={{...}}>
                    <InnerLayoutRouter url="/baca/senj..." tree={[...]} params={{workSlug:"...", ...}} ...>
                      <SegmentViewNode type="page" pagePath="baca/[work...">
                        <SegmentTrieNode>
                        <BacaChapterPage>
                          <ReaderPage work={{id:1,title:"Se...", ...}} chapter={{id:3,workId:1, ...}} ...>
                            <div className="min-h-scre...">
                              <div>
                              <div className="w-full max...">
                                <header
                                  className="sticky top-0 z-40 px-5 py-3 flex items-center gap-3 backdrop-blur-md"
                                  style={{
+                                   backgroundColor: "rgba(27, 22, 20, 0.85)"
+                                   borderBottom: "1px solid var(--border)"
-                                   background-color: "rgba(249, 245, 239, 0.85)"
-                                   border-bottom-width: ""
-                                   border-bottom-style: ""
-                                   border-bottom-color: ""
                                  }}
                                >
                                  <a>
                                  <div className="flex-1 min...">
                                    <span
                                      className="text-[10px] font-bold tracking-wider px-1.5 py-0.5 rounded flex-shrin..."
                                      style={{
+                                       backgroundColor: "rgba(212, 165, 116, 0.12)"
+                                       color: "var(--accent)"
-                                       color: "var(--accent)"
-                                       background-color: "rgba(184, 123, 92, 0.1)"
                                      }}
                                    >
+                                     3
                                    ...
                                  <span
                                    className="text-[9px] font-bold uppercase tracking-widest px-1.5 py-0.5 rounded fl..."
                                    style={{
+                                     backgroundColor: "rgba(212, 165, 116, 0.12)"
+                                     color: "var(--accent)"
-                                     color: "var(--accent)"
-                                     background-color: "rgba(184, 123, 92, 0.1)"
                                    }}
                                  >
+                                   PREMIUM
                                <div className="flex-1 px-...">
                                  <ChapterContent content={"<p>Mingg..."} settings={{fontSize:"...", ...}} ...>
                                    <article
                                      style={{
+                                       color: "var(--foreground)"
-                                       color: "var(--foreground)"
+                                       fontSize: "var(--r-fs, 19px)"
+                                       lineHeight: "var(--r-lh, 2.5)"
+                                       fontFamily: "var(--r-ff, var(--font-geist-sans))"
-                                       font-size: "var(--r-fs, 17px)"
-                                       line-height: "var(--r-lh, 2.1)"
-                                       font-family: "var(--r-ff, var(--font-lora))"
                                      }}
                                    >
                                  ...
                                ...
                      ...
                    ...
          ...
 @ http://localhost:3000/_next/static/chunks/node_modules_next_dist_1ybzpk2._.js:3318
[   32775ms] [INFO] %cDownload the React DevTools for a better development experience: https://react.dev/link/react-devtools font-weight:bold @ http://localhost:3000/_next/static/chunks/node_modules_next_dist_1ybzpk2._.js:2477
[   32782ms] [LOG] [HMR] connected @ http://localhost:3000/_next/static/chunks/node_modules_next_dist_1ybzpk2._.js:2477
[   41403ms] [INFO] %cDownload the React DevTools for a better development experience: https://react.dev/link/react-devtools font-weight:bold @ http://localhost:3000/_next/static/chunks/node_modules_next_dist_1ybzpk2._.js:2477
[   41410ms] [LOG] [HMR] connected @ http://localhost:3000/_next/static/chunks/node_modules_next_dist_1ybzpk2._.js:2477
[   41833ms] [INFO] %cDownload the React DevTools for a better development experience: https://react.dev/link/react-devtools font-weight:bold @ http://localhost:3000/_next/static/chunks/node_modules_next_dist_1ybzpk2._.js:2477
[   41840ms] [LOG] [HMR] connected @ http://localhost:3000/_next/static/chunks/node_modules_next_dist_1ybzpk2._.js:2477
[   52796ms] [INFO] %cDownload the React DevTools for a better development experience: https://react.dev/link/react-devtools font-weight:bold @ http://localhost:3000/_next/static/chunks/node_modules_next_dist_1ybzpk2._.js:2477
[   52803ms] [LOG] [HMR] connected @ http://localhost:3000/_next/static/chunks/node_modules_next_dist_1ybzpk2._.js:2477
[   53988ms] [INFO] %cDownload the React DevTools for a better development experience: https://react.dev/link/react-devtools font-weight:bold @ http://localhost:3000/_next/static/chunks/node_modules_next_dist_1ybzpk2._.js:2477
[   53993ms] [LOG] [HMR] connected @ http://localhost:3000/_next/static/chunks/node_modules_next_dist_1ybzpk2._.js:2477
[   56602ms] [INFO] %cDownload the React DevTools for a better development experience: https://react.dev/link/react-devtools font-weight:bold @ http://localhost:3000/_next/static/chunks/node_modules_next_dist_1ybzpk2._.js:2477
[   56609ms] [LOG] [HMR] connected @ http://localhost:3000/_next/static/chunks/node_modules_next_dist_1ybzpk2._.js:2477
[   59935ms] [INFO] %cDownload the React DevTools for a better development experience: https://react.dev/link/react-devtools font-weight:bold @ http://localhost:3000/_next/static/chunks/node_modules_next_dist_1ybzpk2._.js:2477
[   59942ms] [LOG] [HMR] connected @ http://localhost:3000/_next/static/chunks/node_modules_next_dist_1ybzpk2._.js:2477
